Grading Session - Sat Feb 14 03:42:50 UTC 2026

[0;34m[INFO][0m Project: 01
[0;34m[INFO][0m Specific Student: taniyah_payton
[0;34m[INFO][0m Log file: /workspaces/COSC_352_SPRING_2026/obaloluwa_wojuade/project03/grading_logs/taniyah_payton_grading_20260214_034250.log
[0;34m[INFO][0m Found 1 student(s) to grade
[0;34m[INFO][0m Grading: taniyah_payton/project01
[1;33m[WARN][0m No Dockerfile found
[0;31m[ERROR][0m FAILED: Non-functional (build failed)
taniyah_payton project01 70 Build failed

Done! Graded 1 students for Project 01
Results saved to: /workspaces/COSC_352_SPRING_2026/obaloluwa_wojuade/project03/grading_logs/taniyah_payton_grading_20260214_034250.log
[0;32m[SUCCESS][0m Grading complete
